#
# A fatal error has been detected by the Java Runtime Environment:
#
#  EXCEPTION_ACCESS_VIOLATION (0xc0000005) at pc=0x00007ffacc278dcf, pid=9664, tid=11252
#
# JRE version: Java(TM) SE Runtime Environment (16.0.1+9) (build 16.0.1+9-24)
# Java VM: Java HotSpot(TM) 64-Bit Server VM (16.0.1+9-24, mixed mode, sharing, tiered, compressed oops, compressed class ptrs, g1 gc, windows-amd64)
# Problematic frame:
# C  [skiko-windows-x64.dll+0x198dcf]
#
# No core dump will be written. Minidumps are not enabled by default on client versions of Windows
#
# If you would like to submit a bug report, please visit:
#   https://bugreport.java.com/bugreport/crash.jsp
# The crash happened outside the Java Virtual Machine in native code.
# See problematic frame for where to report the bug.
#

---------------  S U M M A R Y ------------

Command Line: -javaagent:C:\Program Files\JetBrains\IntelliJ IDEA Community Edition 2021.3\lib\idea_rt.jar=54340:C:\Program Files\JetBrains\IntelliJ IDEA Community Edition 2021.3\bin -Dfile.encoding=UTF-8 MainKt

Host: AMD Ryzen 5 3600 6-Core Processor              , 12 cores, 15G,  Windows 10 , 64 bit Build 22000 (10.0.22000.318)
Time: Thu Dec 16 20:19:40 2021 Nepal Standard Time elapsed time: 3.168285 seconds (0d 0h 0m 3s)

---------------  T H R E A D  ---------------

Current thread (0x0000022c30474ac0):  JavaThread "AWT-EventQueue-0" [_thread_in_native, id=11252, stack(0x000000364b500000,0x000000364b600000)]

Stack: [0x000000364b500000,0x000000364b600000],  sp=0x000000364b5f9fa0,  free space=999k
Native frames: (J=compiled Java code, j=interpreted, Vv=VM code, C=native code)
C  [skiko-windows-x64.dll+0x198dcf]

Java frames: (J=compiled Java code, j=interpreted, Vv=VM code)
j  org.jetbrains.skia.CanvasKt._nDrawString(JLjava/lang/String;FFJJ)V+0
j  org.jetbrains.skia.CanvasKt.access$_nDrawString(JLjava/lang/String;FFJJ)V+9
j  org.jetbrains.skia.Canvas.drawString(Ljava/lang/String;FFLorg/jetbrains/skia/Font;Lorg/jetbrains/skia/Paint;)Lorg/jetbrains/skia/Canvas;+43
j  ui.screens.transactionscreen.ui.TransactionDetails1Kt.drawString(Landroidx/compose/ui/graphics/Canvas;Ljava/lang/String;IIII)V+84
j  ui.screens.transactionscreen.ui.TransactionDetails1Kt$TransactionDetils$1$1.invoke(Landroidx/compose/ui/graphics/drawscope/DrawScope;)V+74
j  ui.screens.transactionscreen.ui.TransactionDetails1Kt$TransactionDetils$1$1.invoke(Ljava/lang/Object;)Ljava/lang/Object;+5
j  androidx.compose.ui.draw.DrawBackgroundModifier.draw(Landroidx/compose/ui/graphics/drawscope/ContentDrawScope;)V+11
J 3235 c1 androidx.compose.ui.node.ModifiedDrawNode.performDraw(Landroidx/compose/ui/graphics/Canvas;)V (337 bytes) @ 0x0000022c13b8e3ec [0x0000022c13b8c920+0x0000000000001acc]
J 3299 c2 androidx.compose.ui.node.LayoutNodeWrapper.draw(Landroidx/compose/ui/graphics/Canvas;)V (71 bytes) @ 0x0000022c1ac75440 [0x0000022c1ac752e0+0x0000000000000160]
J 3011 c1 androidx.compose.ui.node.ModifiedLayoutNode.performDraw(Landroidx/compose/ui/graphics/Canvas;)V (38 bytes) @ 0x0000022c13b1df0c [0x0000022c13b1db60+0x00000000000003ac]
J 3299 c2 androidx.compose.ui.node.LayoutNodeWrapper.draw(Landroidx/compose/ui/graphics/Canvas;)V (71 bytes) @ 0x0000022c1ac75440 [0x0000022c1ac752e0+0x0000000000000160]
J 3011 c1 androidx.compose.ui.node.ModifiedLayoutNode.performDraw(Landroidx/compose/ui/graphics/Canvas;)V (38 bytes) @ 0x0000022c13b1df0c [0x0000022c13b1db60+0x00000000000003ac]
J 3299 c2 androidx.compose.ui.node.LayoutNodeWrapper.draw(Landroidx/compose/ui/graphics/Canvas;)V (71 bytes) @ 0x0000022c1ac75440 [0x0000022c1ac752e0+0x0000000000000160]
J 2966 c1 androidx.compose.ui.node.InnerPlaceable.performDraw(Landroidx/compose/ui/graphics/Canvas;)V (113 bytes) @ 0x0000022c13b0f054 [0x0000022c13b0e9a0+0x00000000000006b4]
J 3349 c1 androidx.compose.ui.node.LayoutNodeWrapper$invoke$1.invoke()Ljava/lang/Object; (8 bytes) @ 0x0000022c13bc3e1c [0x0000022c13bc3cc0+0x000000000000015c]
J 3098 c2 androidx.compose.runtime.snapshots.SnapshotStateObserver.observeReads(Ljava/lang/Object;Lkotlin/jvm/functions/Function1;Lkotlin/jvm/functions/Function0;)V (561 bytes) @ 0x0000022c1ac62400 [0x0000022c1ac61d60+0x00000000000006a0]
J 3217 c1 androidx.compose.ui.node.LayoutNodeWrapper.invoke(Landroidx/compose/ui/graphics/Canvas;)V (57 bytes) @ 0x0000022c13b826f4 [0x0000022c13b82020+0x00000000000006d4]
J 3216 c1 androidx.compose.ui.node.LayoutNodeWrapper.invoke(Ljava/lang/Object;)Ljava/lang/Object; (12 bytes) @ 0x0000022c13b81bcc [0x0000022c13b819c0+0x000000000000020c]
J 3268 c1 androidx.compose.ui.platform.SkiaLayer.performDrawLayer(Landroidx/compose/ui/graphics/Canvas;Landroidx/compose/ui/geometry/Rect;)V (251 bytes) @ 0x0000022c13b9da1c [0x0000022c13b9c9c0+0x000000000000105c]
J 3299 c2 androidx.compose.ui.node.LayoutNodeWrapper.draw(Landroidx/compose/ui/graphics/Canvas;)V (71 bytes) @ 0x0000022c1ac75814 [0x0000022c1ac752e0+0x0000000000000534]
J 3011 c1 androidx.compose.ui.node.ModifiedLayoutNode.performDraw(Landroidx/compose/ui/graphics/Canvas;)V (38 bytes) @ 0x0000022c13b1df0c [0x0000022c13b1db60+0x00000000000003ac]
J 3299 c2 androidx.compose.ui.node.LayoutNodeWrapper.draw(Landroidx/compose/ui/graphics/Canvas;)V (71 bytes) @ 0x0000022c1ac75440 [0x0000022c1ac752e0+0x0000000000000160]
J 2812 c1 androidx.compose.ui.node.DelegatingLayoutNodeWrapper.performDraw(Landroidx/compose/ui/graphics/Canvas;)V (15 bytes) @ 0x0000022c13acfde4 [0x0000022c13acfa40+0x00000000000003a4]
J 3299 c2 androidx.compose.ui.node.LayoutNodeWrapper.draw(Landroidx/compose/ui/graphics/Canvas;)V (71 bytes) @ 0x0000022c1ac75440 [0x0000022c1ac752e0+0x0000000000000160]
J 2812 c1 androidx.compose.ui.node.DelegatingLayoutNodeWrapper.performDraw(Landroidx/compose/ui/graphics/Canvas;)V (15 bytes) @ 0x0000022c13acfde4 [0x0000022c13acfa40+0x00000000000003a4]
J 3299 c2 androidx.compose.ui.node.LayoutNodeWrapper.draw(Landroidx/compose/ui/graphics/Canvas;)V (71 bytes) @ 0x0000022c1ac75440 [0x0000022c1ac752e0+0x0000000000000160]
J 2812 c1 androidx.compose.ui.node.DelegatingLayoutNodeWrapper.performDraw(Landroidx/compose/ui/graphics/Canvas;)V (15 bytes) @ 0x0000022c13acfde4 [0x0000022c13acfa40+0x00000000000003a4]
J 3299 c2 androidx.compose.ui.node.LayoutNodeWrapper.draw(Landroidx/compose/ui/graphics/Canvas;)V (71 bytes) @ 0x0000022c1ac75440 [0x0000022c1ac752e0+0x0000000000000160]
J 2812 c1 androidx.compose.ui.node.DelegatingLayoutNodeWrapper.performDraw(Landroidx/compose/ui/graphics/Canvas;)V (15 bytes) @ 0x0000022c13acfde4 [0x0000022c13acfa40+0x00000000000003a4]
J 3299 c2 androidx.compose.ui.node.LayoutNodeWrapper.draw(Landroidx/compose/ui/graphics/Canvas;)V (71 bytes) @ 0x0000022c1ac75440 [0x0000022c1ac752e0+0x0000000000000160]
J 2812 c1 androidx.compose.ui.node.DelegatingLayoutNodeWrapper.performDraw(Landroidx/compose/ui/graphics/Canvas;)V (15 bytes) @ 0x0000022c13acfde4 [0x0000022c13acfa40+0x00000000000003a4]
J 3299 c2 androidx.compose.ui.node.LayoutNodeWrapper.draw(Landroidx/compose/ui/graphics/Canvas;)V (71 bytes) @ 0x0000022c1ac75440 [0x0000022c1ac752e0+0x0000000000000160]
J 2812 c1 androidx.compose.ui.node.DelegatingLayoutNodeWrapper.performDraw(Landroidx/compose/ui/graphics/Canvas;)V (15 bytes) @ 0x0000022c13acfde4 [0x0000022c13acfa40+0x00000000000003a4]
J 3349 c1 androidx.compose.ui.node.LayoutNodeWrapper$invoke$1.invoke()Ljava/lang/Object; (8 bytes) @ 0x0000022c13bc3e1c [0x0000022c13bc3cc0+0x000000000000015c]
J 3098 c2 androidx.compose.runtime.snapshots.SnapshotStateObserver.observeReads(Ljava/lang/Object;Lkotlin/jvm/functions/Function1;Lkotlin/jvm/functions/Function0;)V (561 bytes) @ 0x0000022c1ac62400 [0x0000022c1ac61d60+0x00000000000006a0]
J 3217 c1 androidx.compose.ui.node.LayoutNodeWrapper.invoke(Landroidx/compose/ui/graphics/Canvas;)V (57 bytes) @ 0x0000022c13b826f4 [0x0000022c13b82020+0x00000000000006d4]
J 3216 c1 androidx.compose.ui.node.LayoutNodeWrapper.invoke(Ljava/lang/Object;)Ljava/lang/Object; (12 bytes) @ 0x0000022c13b81bcc [0x0000022c13b819c0+0x000000000000020c]
J 3268 c1 androidx.compose.ui.platform.SkiaLayer.performDrawLayer(Landroidx/compose/ui/graphics/Canvas;Landroidx/compose/ui/geometry/Rect;)V (251 bytes) @ 0x0000022c13b9da1c [0x0000022c13b9c9c0+0x000000000000105c]
J 3299 c2 androidx.compose.ui.node.LayoutNodeWrapper.draw(Landroidx/compose/ui/graphics/Canvas;)V (71 bytes) @ 0x0000022c1ac75814 [0x0000022c1ac752e0+0x0000000000000534]
J 3011 c1 androidx.compose.ui.node.ModifiedLayoutNode.performDraw(Landroidx/compose/ui/graphics/Canvas;)V (38 bytes) @ 0x0000022c13b1df0c [0x0000022c13b1db60+0x00000000000003ac]
J 3299 c2 androidx.compose.ui.node.LayoutNodeWrapper.draw(Landroidx/compose/ui/graphics/Canvas;)V (71 bytes) @ 0x0000022c1ac75440 [0x0000022c1ac752e0+0x0000000000000160]
J 2812 c1 androidx.compose.ui.node.DelegatingLayoutNodeWrapper.performDraw(Landroidx/compose/ui/graphics/Canvas;)V (15 bytes) @ 0x0000022c13acfde4 [0x0000022c13acfa40+0x00000000000003a4]
J 3299 c2 androidx.compose.ui.node.LayoutNodeWrapper.draw(Landroidx/compose/ui/graphics/Canvas;)V (71 bytes) @ 0x0000022c1ac75440 [0x0000022c1ac752e0+0x0000000000000160]
J 3011 c1 androidx.compose.ui.node.ModifiedLayoutNode.performDraw(Landroidx/compose/ui/graphics/Canvas;)V (38 bytes) @ 0x0000022c13b1df0c [0x0000022c13b1db60+0x00000000000003ac]
J 3299 c2 androidx.compose.ui.node.LayoutNodeWrapper.draw(Landroidx/compose/ui/graphics/Canvas;)V (71 bytes) @ 0x0000022c1ac75440 [0x0000022c1ac752e0+0x0000000000000160]
J 3011 c1 androidx.compose.ui.node.ModifiedLayoutNode.performDraw(Landroidx/compose/ui/graphics/Canvas;)V (38 bytes) @ 0x0000022c13b1df0c [0x0000022c13b1db60+0x00000000000003ac]
J 3299 c2 androidx.compose.ui.node.LayoutNodeWrapper.draw(Landroidx/compose/ui/graphics/Canvas;)V (71 bytes) @ 0x0000022c1ac75440 [0x0000022c1ac752e0+0x0000000000000160]
J 2966 c1 androidx.compose.ui.node.InnerPlaceable.performDraw(Landroidx/compose/ui/graphics/Canvas;)V (113 bytes) @ 0x0000022c13b0f054 [0x0000022c13b0e9a0+0x00000000000006b4]
J 3299 c2 androidx.compose.ui.node.LayoutNodeWrapper.draw(Landroidx/compose/ui/graphics/Canvas;)V (71 bytes) @ 0x0000022c1ac75440 [0x0000022c1ac752e0+0x0000000000000160]
J 3011 c1 androidx.compose.ui.node.ModifiedLayoutNode.performDraw(Landroidx/compose/ui/graphics/Canvas;)V (38 bytes) @ 0x0000022c13b1df0c [0x0000022c13b1db60+0x00000000000003ac]
J 3299 c2 androidx.compose.ui.node.LayoutNodeWrapper.draw(Landroidx/compose/ui/graphics/Canvas;)V (71 bytes) @ 0x0000022c1ac75440 [0x0000022c1ac752e0+0x0000000000000160]
J 2966 c1 androidx.compose.ui.node.InnerPlaceable.performDraw(Landroidx/compose/ui/graphics/Canvas;)V (113 bytes) @ 0x0000022c13b0f054 [0x0000022c13b0e9a0+0x00000000000006b4]
J 3299 c2 androidx.compose.ui.node.LayoutNodeWrapper.draw(Landroidx/compose/ui/graphics/Canvas;)V (71 bytes) @ 0x0000022c1ac75440 [0x0000022c1ac752e0+0x0000000000000160]
J 2966 c1 androidx.compose.ui.node.InnerPlaceable.performDraw(Landroidx/compose/ui/graphics/Canvas;)V (113 bytes) @ 0x0000022c13b0f054 [0x0000022c13b0e9a0+0x00000000000006b4]
J 3299 c2 androidx.compose.ui.node.LayoutNodeWrapper.draw(Landroidx/compose/ui/graphics/Canvas;)V (71 bytes) @ 0x0000022c1ac75440 [0x0000022c1ac752e0+0x0000000000000160]
J 2812 c1 androidx.compose.ui.node.DelegatingLayoutNodeWrapper.performDraw(Landroidx/compose/ui/graphics/Canvas;)V (15 bytes) @ 0x0000022c13acfde4 [0x0000022c13acfa40+0x00000000000003a4]
J 3299 c2 androidx.compose.ui.node.LayoutNodeWrapper.draw(Landroidx/compose/ui/graphics/Canvas;)V (71 bytes) @ 0x0000022c1ac75440 [0x0000022c1ac752e0+0x0000000000000160]
J 2812 c1 androidx.compose.ui.node.DelegatingLayoutNodeWrapper.performDraw(Landroidx/compose/ui/graphics/Canvas;)V (15 bytes) @ 0x0000022c13acfde4 [0x0000022c13acfa40+0x00000000000003a4]
J 3349 c1 androidx.compose.ui.node.LayoutNodeWrapper$invoke$1.invoke()Ljava/lang/Object; (8 bytes) @ 0x0000022c13bc3e1c [0x0000022c13bc3cc0+0x000000000000015c]
J 3098 c2 androidx.compose.runtime.snapshots.SnapshotStateObserver.observeReads(Ljava/lang/Object;Lkotlin/jvm/functions/Function1;Lkotlin/jvm/functions/Function0;)V (561 bytes) @ 0x0000022c1ac62400 [0x0000022c1ac61d60+0x00000000000006a0]
J 3217 c1 androidx.compose.ui.node.LayoutNodeWrapper.invoke(Landroidx/compose/ui/graphics/Canvas;)V (57 bytes) @ 0x0000022c13b826f4 [0x0000022c13b82020+0x00000000000006d4]
J 3216 c1 androidx.compose.ui.node.LayoutNodeWrapper.invoke(Ljava/lang/Object;)Ljava/lang/Object; (12 bytes) @ 0x0000022c13b81bcc [0x0000022c13b819c0+0x000000000000020c]
J 3268 c1 androidx.compose.ui.platform.SkiaLayer.performDrawLayer(Landroidx/compose/ui/graphics/Canvas;Landroidx/compose/ui/geometry/Rect;)V (251 bytes) @ 0x0000022c13b9da1c [0x0000022c13b9c9c0+0x000000000000105c]
J 3299 c2 androidx.compose.ui.node.LayoutNodeWrapper.draw(Landroidx/compose/ui/graphics/Canvas;)V (71 bytes) @ 0x0000022c1ac75814 [0x0000022c1ac752e0+0x0000000000000534]
J 3011 c1 androidx.compose.ui.node.ModifiedLayoutNode.performDraw(Landroidx/compose/ui/graphics/Canvas;)V (38 bytes) @ 0x0000022c13b1df0c [0x0000022c13b1db60+0x00000000000003ac]
J 3299 c2 androidx.compose.ui.node.LayoutNodeWrapper.draw(Landroidx/compose/ui/graphics/Canvas;)V (71 bytes) @ 0x0000022c1ac75440 [0x0000022c1ac752e0+0x0000000000000160]
J 3237 c1 androidx.compose.ui.node.LayoutNodeDrawScope.drawContent()V (43 bytes) @ 0x0000022c13b92784 [0x0000022c13b92560+0x0000000000000224]
j  androidx.compose.foundation.Background.draw(Landroidx/compose/ui/graphics/drawscope/ContentDrawScope;)V+30
J 3235 c1 androidx.compose.ui.node.ModifiedDrawNode.performDraw(Landroidx/compose/ui/graphics/Canvas;)V (337 bytes) @ 0x0000022c13b8e3ec [0x0000022c13b8c920+0x0000000000001acc]
J 3299 c2 androidx.compose.ui.node.LayoutNodeWrapper.draw(Landroidx/compose/ui/graphics/Canvas;)V (71 bytes) @ 0x0000022c1ac75440 [0x0000022c1ac752e0+0x0000000000000160]
J 3011 c1 androidx.compose.ui.node.ModifiedLayoutNode.performDraw(Landroidx/compose/ui/graphics/Canvas;)V (38 bytes) @ 0x0000022c13b1df0c [0x0000022c13b1db60+0x00000000000003ac]
J 3299 c2 androidx.compose.ui.node.LayoutNodeWrapper.draw(Landroidx/compose/ui/graphics/Canvas;)V (71 bytes) @ 0x0000022c1ac75440 [0x0000022c1ac752e0+0x0000000000000160]
J 2966 c1 androidx.compose.ui.node.InnerPlaceable.performDraw(Landroidx/compose/ui/graphics/Canvas;)V (113 bytes) @ 0x0000022c13b0f054 [0x0000022c13b0e9a0+0x00000000000006b4]
J 3299 c2 androidx.compose.ui.node.LayoutNodeWrapper.draw(Landroidx/compose/ui/graphics/Canvas;)V (71 bytes) @ 0x0000022c1ac75440 [0x0000022c1ac752e0+0x0000000000000160]
J 2812 c1 androidx.compose.ui.node.DelegatingLayoutNodeWrapper.performDraw(Landroidx/compose/ui/graphics/Canvas;)V (15 bytes) @ 0x0000022c13acfde4 [0x0000022c13acfa40+0x00000000000003a4]
J 3299 c2 androidx.compose.ui.node.LayoutNodeWrapper.draw(Landroidx/compose/ui/graphics/Canvas;)V (71 bytes) @ 0x0000022c1ac75440 [0x0000022c1ac752e0+0x0000000000000160]
J 2812 c1 androidx.compose.ui.node.DelegatingLayoutNodeWrapper.performDraw(Landroidx/compose/ui/graphics/Canvas;)V (15 bytes) @ 0x0000022c13acfde4 [0x0000022c13acfa40+0x00000000000003a4]
J 3349 c1 androidx.compose.ui.node.LayoutNodeWrapper$invoke$1.invoke()Ljava/lang/Object; (8 bytes) @ 0x0000022c13bc3e1c [0x0000022c13bc3cc0+0x000000000000015c]
J 3098 c2 androidx.compose.runtime.snapshots.SnapshotStateObserver.observeReads(Ljava/lang/Object;Lkotlin/jvm/functions/Function1;Lkotlin/jvm/functions/Function0;)V (561 bytes) @ 0x0000022c1ac62400 [0x0000022c1ac61d60+0x00000000000006a0]
J 3217 c1 androidx.compose.ui.node.LayoutNodeWrapper.invoke(Landroidx/compose/ui/graphics/Canvas;)V (57 bytes) @ 0x0000022c13b826f4 [0x0000022c13b82020+0x00000000000006d4]
J 3216 c1 androidx.compose.ui.node.LayoutNodeWrapper.invoke(Ljava/lang/Object;)Ljava/lang/Object; (12 bytes) @ 0x0000022c13b81bcc [0x0000022c13b819c0+0x000000000000020c]
J 3268 c1 androidx.compose.ui.platform.SkiaLayer.performDrawLayer(Landroidx/compose/ui/graphics/Canvas;Landroidx/compose/ui/geometry/Rect;)V (251 bytes) @ 0x0000022c13b9da1c [0x0000022c13b9c9c0+0x000000000000105c]
J 3299 c2 androidx.compose.ui.node.LayoutNodeWrapper.draw(Landroidx/compose/ui/graphics/Canvas;)V (71 bytes) @ 0x0000022c1ac75814 [0x0000022c1ac752e0+0x0000000000000534]
J 3011 c1 androidx.compose.ui.node.ModifiedLayoutNode.performDraw(Landroidx/compose/ui/graphics/Canvas;)V (38 bytes) @ 0x0000022c13b1df0c [0x0000022c13b1db60+0x00000000000003ac]
J 3299 c2 androidx.compose.ui.node.LayoutNodeWrapper.draw(Landroidx/compose/ui/graphics/Canvas;)V (71 bytes) @ 0x0000022c1ac75440 [0x0000022c1ac752e0+0x0000000000000160]
J 3237 c1 androidx.compose.ui.node.LayoutNodeDrawScope.drawContent()V (43 bytes) @ 0x0000022c13b92784 [0x0000022c13b92560+0x0000000000000224]
j  androidx.compose.foundation.Background.draw(Landroidx/compose/ui/graphics/drawscope/ContentDrawScope;)V+30
J 3235 c1 androidx.compose.ui.node.ModifiedDrawNode.performDraw(Landroidx/compose/ui/graphics/Canvas;)V (337 bytes) @ 0x0000022c13b8e3ec [0x0000022c13b8c920+0x0000000000001acc]
J 3299 c2 androidx.compose.ui.node.LayoutNodeWrapper.draw(Landroidx/compose/ui/graphics/Canvas;)V (71 bytes) @ 0x0000022c1ac75440 [0x0000022c1ac752e0+0x0000000000000160]
J 3011 c1 androidx.compose.ui.node.ModifiedLayoutNode.performDraw(Landroidx/compose/ui/graphics/Canvas;)V (38 bytes) @ 0x0000022c13b1df0c [0x0000022c13b1db60+0x00000000000003ac]
J 3349 c1 androidx.compose.ui.node.LayoutNodeWrapper$invoke$1.invoke()Ljava/lang/Object; (8 bytes) @ 0x0000022c13bc3e1c [0x0000022c13bc3cc0+0x000000000000015c]
J 3329 c1 androidx.compose.runtime.snapshots.Snapshot$Companion.observe(Lkotlin/jvm/functions/Function1;Lkotlin/jvm/functions/Function1;Lkotlin/jvm/functions/Function0;)Ljava/lang/Object; (164 bytes) @ 0x0000022c13bba80c [0x0000022c13bb9480+0x000000000000138c]
J 3098 c2 androidx.compose.runtime.snapshots.SnapshotStateObserver.observeReads(Ljava/lang/Object;Lkotlin/jvm/functions/Function1;Lkotlin/jvm/functions/Function0;)V (561 bytes) @ 0x0000022c1ac624d4 [0x0000022c1ac61d60+0x0000000000000774]
J 3217 c1 androidx.compose.ui.node.LayoutNodeWrapper.invoke(Landroidx/compose/ui/graphics/Canvas;)V (57 bytes) @ 0x0000022c13b826f4 [0x0000022c13b82020+0x00000000000006d4]
J 3216 c1 androidx.compose.ui.node.LayoutNodeWrapper.invoke(Ljava/lang/Object;)Ljava/lang/Object; (12 bytes) @ 0x0000022c13b81bcc [0x0000022c13b819c0+0x000000000000020c]
J 3268 c1 androidx.compose.ui.platform.SkiaLayer.performDrawLayer(Landroidx/compose/ui/graphics/Canvas;Landroidx/compose/ui/geometry/Rect;)V (251 bytes) @ 0x0000022c13b9da1c [0x0000022c13b9c9c0+0x000000000000105c]
J 3299 c2 androidx.compose.ui.node.LayoutNodeWrapper.draw(Landroidx/compose/ui/graphics/Canvas;)V (71 bytes) @ 0x0000022c1ac75814 [0x0000022c1ac752e0+0x0000000000000534]
J 2966 c1 androidx.compose.ui.node.InnerPlaceable.performDraw(Landroidx/compose/ui/graphics/Canvas;)V (113 bytes) @ 0x0000022c13b0f054 [0x0000022c13b0e9a0+0x00000000000006b4]
J 3299 c2 androidx.compose.ui.node.LayoutNodeWrapper.draw(Landroidx/compose/ui/graphics/Canvas;)V (71 bytes) @ 0x0000022c1ac75440 [0x0000022c1ac752e0+0x0000000000000160]
J 2812 c1 androidx.compose.ui.node.DelegatingLayoutNodeWrapper.performDraw(Landroidx/compose/ui/graphics/Canvas;)V (15 bytes) @ 0x0000022c13acfde4 [0x0000022c13acfa40+0x00000000000003a4]
J 3299 c2 androidx.compose.ui.node.LayoutNodeWrapper.draw(Landroidx/compose/ui/graphics/Canvas;)V (71 bytes) @ 0x0000022c1ac75440 [0x0000022c1ac752e0+0x0000000000000160]
J 2812 c1 androidx.compose.ui.node.DelegatingLayoutNodeWrapper.performDraw(Landroidx/compose/ui/graphics/Canvas;)V (15 bytes) @ 0x0000022c13acfde4 [0x0000022c13acfa40+0x00000000000003a4]
J 3299 c2 androidx.compose.ui.node.LayoutNodeWrapper.draw(Landroidx/compose/ui/graphics/Canvas;)V (71 bytes) @ 0x0000022c1ac75440 [0x0000022c1ac752e0+0x0000000000000160]
J 2812 c1 androidx.compose.ui.node.DelegatingLayoutNodeWrapper.performDraw(Landroidx/compose/ui/graphics/Canvas;)V (15 bytes) @ 0x0000022c13acfde4 [0x0000022c13acfa40+0x00000000000003a4]
J 3299 c2 androidx.compose.ui.node.LayoutNodeWrapper.draw(Landroidx/compose/ui/graphics/Canvas;)V (71 bytes) @ 0x0000022c1ac75440 [0x0000022c1ac752e0+0x0000000000000160]
J 2812 c1 androidx.compose.ui.node.DelegatingLayoutNodeWrapper.performDraw(Landroidx/compose/ui/graphics/Canvas;)V (15 bytes) @ 0x0000022c13acfde4 [0x0000022c13acfa40+0x00000000000003a4]
J 3299 c2 androidx.compose.ui.node.LayoutNodeWrapper.draw(Landroidx/compose/ui/graphics/Canvas;)V (71 bytes) @ 0x0000022c1ac75440 [0x0000022c1ac752e0+0x0000000000000160]
J 2812 c1 androidx.compose.ui.node.DelegatingLayoutNodeWrapper.performDraw(Landroidx/compose/ui/graphics/Canvas;)V (15 bytes) @ 0x0000022c13acfde4 [0x0000022c13acfa40+0x00000000000003a4]
J 3299 c2 androidx.compose.ui.node.LayoutNodeWrapper.draw(Landroidx/compose/ui/graphics/Canvas;)V (71 bytes) @ 0x0000022c1ac75440 [0x0000022c1ac752e0+0x0000000000000160]
J 2812 c1 androidx.compose.ui.node.DelegatingLayoutNodeWrapper.performDraw(Landroidx/compose/ui/graphics/Canvas;)V (15 bytes) @ 0x0000022c13acfde4 [0x0000022c13acfa40+0x00000000000003a4]
J 3299 c2 androidx.compose.ui.node.LayoutNodeWrapper.draw(Landroidx/compose/ui/graphics/Canvas;)V (71 bytes) @ 0x0000022c1ac75440 [0x0000022c1ac752e0+0x0000000000000160]
J 2884 c1 androidx.compose.ui.node.LayoutNode.draw$ui(Landroidx/compose/ui/graphics/Canvas;)V (16 bytes) @ 0x0000022c13af612c [0x0000022c13af5dc0+0x000000000000036c]
j  androidx.compose.ui.platform.SkiaBasedOwner.draw(Lorg/jetbrains/skia/Canvas;)V+15
j  androidx.compose.ui.platform.SkiaBasedOwner.render(Lorg/jetbrains/skia/Canvas;)V+29
j  androidx.compose.ui.ComposeScene.render(Lorg/jetbrains/skia/Canvas;J)V+172
j  androidx.compose.ui.awt.ComposeLayer$1$onRender$1.invoke()V+22
j  androidx.compose.ui.awt.ComposeLayer$1$onRender$1.invoke()Ljava/lang/Object;+1
j  androidx.compose.ui.awt.ComposeLayer.catchExceptions(Lkotlin/jvm/functions/Function0;)V+2
j  androidx.compose.ui.awt.ComposeLayer.access$catchExceptions(Landroidx/compose/ui/awt/ComposeLayer;Lkotlin/jvm/functions/Function0;)V+2
j  androidx.compose.ui.awt.ComposeLayer$1.onRender(Lorg/jetbrains/skia/Canvas;IIJ)V+27
j  org.jetbrains.skiko.SkiaLayer.update$skiko(J)V+240
j  org.jetbrains.skiko.redrawer.Direct3DRedrawer.update(J)V+5
j  org.jetbrains.skiko.redrawer.Direct3DRedrawer.access$update(Lorg/jetbrains/skiko/redrawer/Direct3DRedrawer;J)V+2
j  org.jetbrains.skiko.redrawer.Direct3DRedrawer$frameDispatcher$1.invokeSuspend(Ljava/lang/Object;)Ljava/lang/Object;+56
j  org.jetbrains.skiko.redrawer.Direct3DRedrawer$frameDispatcher$1.invoke(Lkotlin/coroutines/Continuation;)Ljava/lang/Object;+11
j  org.jetbrains.skiko.redrawer.Direct3DRedrawer$frameDispatcher$1.invoke(Ljava/lang/Object;)Ljava/lang/Object;+5
j  org.jetbrains.skiko.FrameDispatcher$job$1.invokeSuspend(Ljava/lang/Object;)Ljava/lang/Object;+100
J 2481 c1 kotlin.coroutines.jvm.internal.BaseContinuationImpl.resumeWith(Ljava/lang/Object;)V (130 bytes) @ 0x0000022c13a18aac [0x0000022c13a18640+0x000000000000046c]
J 2573 c1 kotlinx.coroutines.DispatchedTask.run()V (658 bytes) @ 0x0000022c13a3e9bc [0x0000022c13a3d880+0x000000000000113c]
J 2616 c1 java.awt.event.InvocationEvent.dispatch()V java.desktop@16.0.1 (69 bytes) @ 0x0000022c13a5fbac [0x0000022c13a5f980+0x000000000000022c]
J 2591 c1 java.awt.EventQueue.dispatchEventImpl(Ljava/awt/AWTEvent;Ljava/lang/Object;)V java.desktop@16.0.1 (136 bytes) @ 0x0000022c13a52704 [0x0000022c13a50b80+0x0000000000001b84]
J 2610 c1 java.awt.EventQueue$4.run()Ljava/lang/Void; java.desktop@16.0.1 (60 bytes) @ 0x0000022c13a5c3c4 [0x0000022c13a5c280+0x0000000000000144]
J 2501 c1 java.awt.EventQueue.dispatchEvent(Ljava/awt/AWTEvent;)V java.desktop@16.0.1 (80 bytes) @ 0x0000022c13a20c2c [0x0000022c13a20660+0x00000000000005cc]
J 2592 c1 java.awt.EventDispatchThread.pumpOneEventForFilters(I)V java.desktop@16.0.1 (113 bytes) @ 0x0000022c13a53c44 [0x0000022c13a535a0+0x00000000000006a4]
j  java.awt.EventDispatchThread.pumpEventsForFilter(ILjava/awt/Conditional;Ljava/awt/EventFilter;)V+35 java.desktop@16.0.1
j  java.awt.EventDispatchThread.pumpEventsForHierarchy(ILjava/awt/Conditional;Ljava/awt/Component;)V+11 java.desktop@16.0.1
j  java.awt.EventDispatchThread.pumpEvents(ILjava/awt/Conditional;)V+4 java.desktop@16.0.1
j  java.awt.EventDispatchThread.pumpEvents(Ljava/awt/Conditional;)V+3 java.desktop@16.0.1
j  java.awt.EventDispatchThread.run()V+9 java.desktop@16.0.1
v  ~StubRoutines::call_stub

siginfo: EXCEPTION_ACCESS_VIOLATION (0xc0000005), reading address 0x0000000000000000


Register to memory mapping:

RIP=0x00007ffacc278dcf skiko-windows-x64.dll
RAX=0x0000303e0b451a59 is an unknown value
RBX=0x0000022c3e235df0 points into unknown readable memory: 0x0000000000000000 | 00 00 00 00 00 00 00 00
RCX=0x0 is NULL
RDX=0x0000022c3e2fc728 points into unknown readable memory: 0x004543494f564e49 | 49 4e 56 4f 49 43 45 00
RSP=0x000000364b5f9fa0 is pointing into the stack for thread: 0x0000022c30474ac0
RBP=0x000000364b5fa0a1 is pointing into the stack for thread: 0x0000022c30474ac0
RSI=0x0000022c3e2fc728 points into unknown readable memory: 0x004543494f564e49 | 49 4e 56 4f 49 43 45 00
RDI=0x0 is NULL
R8 =0x0000000000000007 is an unknown value
R9 =0x0 is NULL
R10=0x0000022c3e2fc72f points into unknown readable memory: 00
R11=0x0000022c3e2fc728 points into unknown readable memory: 0x004543494f564e49 | 49 4e 56 4f 49 43 45 00
R12=0x0 is NULL
R13=0x0000022c3e235df0 points into unknown readable memory: 0x0000000000000000 | 00 00 00 00 00 00 00 00
R14=0x0 is NULL
R15=0x0000022c3e985130 points into unknown readable memory: 0x0000000000000000 | 00 00 00 00 00 00 00 00


Registers:
RAX=0x0000303e0b451a59, RBX=0x0000022c3e235df0, RCX=0x0000000000000000, RDX=0x0000022c3e2fc728
RSP=0x000000364b5f9fa0, RBP=0x000000364b5fa0a1, RSI=0x0000022c3e2fc728, RDI=0x0000000000000000
R8 =0x0000000000000007, R9 =0x0000000000000000, R10=0x0000022c3e2fc72f, R11=0x0000022c3e2fc728
R12=0x0000000000000000, R13=0x0000022c3e235df0, R14=0x0000000000000000, R15=0x0000022c3e985130
RIP=0x00007ffacc278dcf, EFLAGS=0x0000000000010206

Top of Stack: (sp=0x000000364b5f9fa0)
0x000000364b5f9fa0:   0000022c09d80000 0000022c00000004
0x000000364b5f9fb0:   0000000000000010 0000000000000000
0x000000364b5f9fc0:   0000000000000000 0000000000000000
0x000000364b5f9fd0:   0000000000000000 00007ffacc3599bf
0x000000364b5f9fe0:   0000022c3e235df0 0000022c3e2fc728
0x000000364b5f9ff0:   0000000000000000 0000000000000000
0x000000364b5fa000:   0000000000000000 0000000000000000
0x000000364b5fa010:   0000000000000000 0000000000000000
0x000000364b5fa020:   0000000000000000 0000005000020000
0x000000364b5fa030:   0000022c3e235df0 0000000000000000
0x000000364b5fa040:   0000000000000000 0000022c13070800
0x000000364b5fa050:   0000000000000400 000000364b5fa060
0x000000364b5fa060:   0000022c30474ac0 0000022c30474dd0
0x000000364b5fa070:   0000022c38256868 0000000000000000
0x000000364b5fa080:   0000000000000007 0000000000000007
0x000000364b5fa090:   000000364b5fa2d0 00007ffaccccad78 

Instructions: (pc=0x00007ffacc278dcf)
0x00007ffacc278ccf:   0f 46 c2 8b 00 89 41 08 c3 cc cc cc cc cc cc cc
0x00007ffacc278cdf:   cc cc cc cc cc cc cc cc cc cc cc cc cc cc cc cc
0x00007ffacc278cef:   cc f3 0f 11 49 10 c3 cc cc cc cc cc cc cc cc cc
0x00007ffacc278cff:   cc 44 0f b6 41 14 41 0f b6 c0 41 80 c8 04 24 fb
0x00007ffacc278d0f:   45 0f b6 c0 84 d2 0f b6 c0 44 0f 44 c0 44 88 41
0x00007ffacc278d1f:   14 c3 cc cc cc cc cc cc cc cc cc cc cc cc cc cc
0x00007ffacc278d2f:   cc 48 89 5c 24 10 57 48 83 ec 20 80 61 14 fc 48
0x00007ffacc278d3f:   8b fa 80 49 14 04 48 8b d9 80 79 15 02 c6 41 16
0x00007ffacc278d4f:   00 75 04 c6 41 15 01 48 85 ff 74 20 33 d2 48 8b
0x00007ffacc278d5f:   cf e8 b6 24 e8 ff 48 8d 54 24 30 48 c7 44 24 30
0x00007ffacc278d6f:   00 00 00 00 48 8b cf e8 f5 84 e7 ff f3 0f 10 43
0x00007ffacc278d7f:   08 f3 0f 59 05 e8 82 b0 00 c7 43 08 00 00 80 42
0x00007ffacc278d8f:   48 8b 5c 24 38 48 83 c4 20 5f c3 cc cc cc cc cc
0x00007ffacc278d9f:   cc cc cc cc cc cc cc cc cc cc cc cc cc cc cc cc
0x00007ffacc278daf:   cc cc cc cc cc cc cc cc cc cc cc cc cc cc cc cc
0x00007ffacc278dbf:   cc 48 89 5c 24 08 48 89 74 24 10 57 48 83 ec 30
0x00007ffacc278dcf:   48 8b 01 41 8b d9 49 8b f8 48 8b f2 48 85 c0 75
0x00007ffacc278ddf:   07 33 c9 e8 af 30 e8 ff 44 8b cb 4c 8b c7 48 8b
0x00007ffacc278def:   d6 48 8b c8 48 8b 5c 24 40 48 8b 74 24 48 48 83
0x00007ffacc278dff:   c4 30 5f e9 04 cf e8 ff cc cc cc cc cc cc cc cc
0x00007ffacc278e0f:   cc cc cc cc cc cc cc cc cc cc cc cc cc cc cc cc
0x00007ffacc278e1f:   cc 40 53 48 83 ec 20 48 8b 01 8b da 48 85 c0 75
0x00007ffacc278e2f:   07 33 c9 e8 5f 30 e8 ff 8b d3 48 8b c8 48 83 c4
0x00007ffacc278e3f:   20 5b e9 06 12 e7 ff cc cc cc cc cc cc cc cc cc
0x00007ffacc278e4f:   cc 48 89 5c 24 08 48 89 74 24 10 57 48 83 ec 20
0x00007ffacc278e5f:   48 8b 01 49 8b d9 41 8b f8 48 8b f2 48 85 c0 75
0x00007ffacc278e6f:   07 33 c9 e8 1f 30 e8 ff 4c 8b cb 44 8b c7 48 8b
0x00007ffacc278e7f:   d6 48 8b c8 48 8b 5c 24 30 48 8b 74 24 38 48 83
0x00007ffacc278e8f:   c4 20 5f e9 66 51 e7 ff cc cc cc cc cc cc cc cc
0x00007ffacc278e9f:   cc cc cc cc cc cc cc cc cc cc cc cc cc cc cc cc
0x00007ffacc278eaf:   cc 4d 8b c8 44 0f b6 c2 48 8b d1 33 c9 e9 2f 09
0x00007ffacc278ebf:   00 00 cc cc cc cc cc cc cc cc cc cc cc cc cc cc 


Stack slot to memory mapping:
stack at sp + 0 slots: 0x0000022c09d80000 points into unknown readable memory: 0x0000000000000000 | 00 00 00 00 00 00 00 00
stack at sp + 1 slots: 0x0000022c00000004 is an unknown value
stack at sp + 2 slots: 0x0000000000000010 is an unknown value
stack at sp + 3 slots: 0x0 is NULL
stack at sp + 4 slots: 0x0 is NULL
stack at sp + 5 slots: 0x0 is NULL
stack at sp + 6 slots: 0x0 is NULL
stack at sp + 7 slots: 0x00007ffacc3599bf skiko-windows-x64.dll


---------------  P R O C E S S  ---------------

Threads class SMR info:
_java_thread_list=0x0000022c30f7b6b0, length=23, elements={
0x0000022c0a0e0340, 0x0000022c2f17fa60, 0x0000022c2f180d40, 0x0000022c2f18f290,
0x0000022c2f18f8a0, 0x0000022c2f1900c0, 0x0000022c2f196110, 0x0000022c2f197840,
0x0000022c2f1ace20, 0x0000022c2f1adfd0, 0x0000022c2fcdd000, 0x0000022c2fd95f70,
0x0000022c2fd96490, 0x0000022c30448430, 0x0000022c30287480, 0x0000022c30288230,
0x0000022c30474ac0, 0x0000022c311bd100, 0x0000022c311bd650, 0x0000022c311bc660,
0x0000022c311bc110, 0x0000022c311bcbb0, 0x0000022c317b73f0
}

Java Threads: ( => current thread )
  0x0000022c0a0e0340 JavaThread "main" [_thread_blocked, id=5880, stack(0x0000003649c00000,0x0000003649d00000)]
  0x0000022c2f17fa60 JavaThread "Reference Handler" daemon [_thread_blocked, id=12808, stack(0x000000364a300000,0x000000364a400000)]
  0x0000022c2f180d40 JavaThread "Finalizer" daemon [_thread_blocked, id=13128, stack(0x000000364a400000,0x000000364a500000)]
  0x0000022c2f18f290 JavaThread "Signal Dispatcher" daemon [_thread_blocked, id=2004, stack(0x000000364a500000,0x000000364a600000)]
  0x0000022c2f18f8a0 JavaThread "Attach Listener" daemon [_thread_blocked, id=11336, stack(0x000000364a600000,0x000000364a700000)]
  0x0000022c2f1900c0 JavaThread "Service Thread" daemon [_thread_blocked, id=9760, stack(0x000000364a700000,0x000000364a800000)]
  0x0000022c2f196110 JavaThread "Monitor Deflation Thread" daemon [_thread_blocked, id=6068, stack(0x000000364a800000,0x000000364a900000)]
  0x0000022c2f197840 JavaThread "C2 CompilerThread0" daemon [_thread_blocked, id=4420, stack(0x000000364a900000,0x000000364aa00000)]
  0x0000022c2f1ace20 JavaThread "C1 CompilerThread0" daemon [_thread_blocked, id=2996, stack(0x000000364aa00000,0x000000364ab00000)]
  0x0000022c2f1adfd0 JavaThread "Sweeper thread" daemon [_thread_blocked, id=2768, stack(0x000000364ab00000,0x000000364ac00000)]
  0x0000022c2fcdd000 JavaThread "Common-Cleaner" daemon [_thread_blocked, id=6544, stack(0x000000364ac00000,0x000000364ad00000)]
  0x0000022c2fd95f70 JavaThread "Monitor Ctrl-Break" daemon [_thread_in_native, id=4896, stack(0x000000364af00000,0x000000364b000000)]
  0x0000022c2fd96490 JavaThread "Notification Thread" daemon [_thread_blocked, id=13976, stack(0x000000364b000000,0x000000364b100000)]
  0x0000022c30448430 JavaThread "Java2D Disposer" daemon [_thread_blocked, id=4348, stack(0x000000364b200000,0x000000364b300000)]
  0x0000022c30287480 JavaThread "AWT-Shutdown" [_thread_blocked, id=12152, stack(0x000000364b300000,0x000000364b400000)]
  0x0000022c30288230 JavaThread "AWT-Windows" daemon [_thread_in_native, id=3284, stack(0x000000364b400000,0x000000364b500000)]
=>0x0000022c30474ac0 JavaThread "AWT-EventQueue-0" [_thread_in_native, id=11252, stack(0x000000364b500000,0x000000364b600000)]
  0x0000022c311bd100 JavaThread "Cleaner-0" daemon [_thread_blocked, id=4424, stack(0x000000364bc00000,0x000000364bd00000)]
  0x0000022c311bd650 JavaThread "DefaultDispatcher-worker-1" daemon [_thread_blocked, id=10200, stack(0x000000364be00000,0x000000364bf00000)]
  0x0000022c311bc660 JavaThread "DefaultDispatcher-worker-2" daemon [_thread_blocked, id=13380, stack(0x000000364bf00000,0x000000364c000000)]
  0x0000022c311bc110 JavaThread "DefaultDispatcher-worker-3" daemon [_thread_blocked, id=12740, stack(0x000000364c000000,0x000000364c100000)]
  0x0000022c311bcbb0 JavaThread "kotlinx.coroutines.DefaultExecutor" daemon [_thread_blocked, id=7216, stack(0x000000364c100000,0x000000364c200000)]
  0x0000022c317b73f0 JavaThread "D3D Screen Updater" daemon [_thread_blocked, id=2308, stack(0x000000364bd00000,0x000000364be00000)]

Other Threads:
  0x0000022c2f17ae10 VMThread "VM Thread" [stack: 0x000000364a200000,0x000000364a300000] [id=5432]
  0x0000022c2fe29f90 WatcherThread [stack: 0x000000364b100000,0x000000364b200000] [id=8544]
  0x0000022c0a128a60 GCTaskThread "GC Thread#0" [stack: 0x0000003649d00000,0x0000003649e00000] [id=8804]
  0x0000022c30e904a0 GCTaskThread "GC Thread#1" [stack: 0x000000364ad00000,0x000000364ae00000] [id=15056]
  0x0000022c30e907b0 GCTaskThread "GC Thread#2" [stack: 0x000000364ae00000,0x000000364af00000] [id=8068]
  0x0000022c30e913f0 GCTaskThread "GC Thread#3" [stack: 0x000000364b900000,0x000000364ba00000] [id=4692]
  0x0000022c31196450 GCTaskThread "GC Thread#4" [stack: 0x000000364ba00000,0x000000364bb00000] [id=6860]
  0x0000022c311973a0 GCTaskThread "GC Thread#5" [stack: 0x000000364bb00000,0x000000364bc00000] [id=7316]
  0x0000022c315ab430 GCTaskThread "GC Thread#6" [stack: 0x000000364c700000,0x000000364c800000] [id=15028]
  0x0000022c315aa7f0 GCTaskThread "GC Thread#7" [stack: 0x000000364c800000,0x000000364c900000] [id=3068]
  0x0000022c315ad2d0 GCTaskThread "GC Thread#8" [stack: 0x000000364c900000,0x000000364ca00000] [id=12980]
  0x0000022c315ac070 GCTaskThread "GC Thread#9" [stack: 0x000000364ca00000,0x000000364cb00000] [id=7024]
  0x0000022c0a139a40 ConcurrentGCThread "G1 Main Marker" [stack: 0x0000003649e00000,0x0000003649f00000] [id=11972]
  0x0000022c0a13acc0 ConcurrentGCThread "G1 Conc#0" [stack: 0x0000003649f00000,0x000000364a000000] [id=6916]
  0x0000022c3a25ea00 ConcurrentGCThread "G1 Conc#1" [stack: 0x000000364cd00000,0x000000364ce00000] [id=3496]
  0x0000022c3a25ed10 ConcurrentGCThread "G1 Conc#2" [stack: 0x000000364ce00000,0x000000364cf00000] [id=11260]
  0x0000022c2f0340e0 ConcurrentGCThread "G1 Refine#0" [stack: 0x000000364a000000,0x000000364a100000] [id=15252]
  0x0000022c2f034770 ConcurrentGCThread "G1 Service" [stack: 0x000000364a100000,0x000000364a200000] [id=13140]

Threads with active compile tasks:

VM state: not at safepoint (normal execution)

VM Mutex/Monitor currently owned by a thread: None

Heap address: 0x0000000700c00000, size: 4084 MB, Compressed Oops mode: Zero based, Oop shift amount: 3

CDS archive(s) mapped at: [0x0000000800000000-0x0000000800bb0000-0x0000000800bb0000), size 12255232, SharedBaseAddress: 0x0000000800000000, ArchiveRelocationMode: 0.
Compressed class space mapped at: 0x0000000800c00000-0x0000000840c00000, reserved size: 1073741824
Narrow klass base: 0x0000000800000000, Narrow klass shift: 3, Narrow klass range: 0x100000000

GC Precious Log:
 CPUs: 12 total, 12 available
 Memory: 16332M
 Large Page Support: Disabled
 NUMA Support: Disabled
 Compressed Oops: Enabled (Zero based)
 Heap Region Size: 2M
 Heap Min Capacity: 8M
 Heap Initial Capacity: 256M
 Heap Max Capacity: 4084M
 Pre-touch: Disabled
 Parallel Workers: 10
 Concurrent Workers: 3
 Concurrent Refinement Workers: 10
 Periodic GC: Disabled

Heap:
 garbage-first heap   total 49152K, used 25481K [0x0000000700c00000, 0x0000000800000000)
  region size 2048K, 13 young (26624K), 3 survivors (6144K)
 Metaspace       used 24232K, committed 24512K, reserved 1073152K
  class space    used 2578K, committed 2688K, reserved 1048576K

Heap Regions: E=young(eden), S=young(survivor), O=old, HS=humongous(starts), HC=humongous(continues), CS=collection set, F=free, OA=open archive, CA=closed archive, TAMS=top-at-mark-start (previous, next)
|   0|0x0000000700c00000, 0x0000000700e00000, 0x0000000700e00000|100%| O|  |TAMS 0x0000000700e00000, 0x0000000700c00000| Untracked 
|   1|0x0000000700e00000, 0x0000000701000000, 0x0000000701000000|100%| O|  |TAMS 0x0000000701000000, 0x0000000700e00000| Untracked 
|   2|0x0000000701000000, 0x000000070102ae00, 0x0000000701200000|  8%| O|  |TAMS 0x000000070102ae00, 0x0000000701000000| Untracked 
|   3|0x0000000701200000, 0x0000000701200000, 0x0000000701400000|  0%| F|  |TAMS 0x0000000701200000, 0x0000000701200000| Untracked 
|   4|0x0000000701400000, 0x0000000701400000, 0x0000000701600000|  0%| F|  |TAMS 0x0000000701400000, 0x0000000701400000| Untracked 
|   5|0x0000000701600000, 0x0000000701600000, 0x0000000701800000|  0%| F|  |TAMS 0x0000000701600000, 0x0000000701600000| Untracked 
|   6|0x0000000701800000, 0x0000000701800000, 0x0000000701a00000|  0%| F|  |TAMS 0x0000000701800000, 0x0000000701800000| Untracked 
|   7|0x0000000701a00000, 0x0000000701a00000, 0x0000000701c00000|  0%| F|  |TAMS 0x0000000701a00000, 0x0000000701a00000| Untracked 
|   8|0x0000000701c00000, 0x0000000701c00000, 0x0000000701e00000|  0%| F|  |TAMS 0x0000000701c00000, 0x0000000701c00000| Untracked 
|   9|0x0000000701e00000, 0x0000000701e00000, 0x0000000702000000|  0%| F|  |TAMS 0x0000000701e00000, 0x0000000701e00000| Untracked 
|  10|0x0000000702000000, 0x0000000702000000, 0x0000000702200000|  0%| F|  |TAMS 0x0000000702000000, 0x0000000702000000| Untracked 
|  11|0x0000000702200000, 0x0000000702300c10, 0x0000000702400000| 50%| E|  |TAMS 0x0000000702200000, 0x0000000702200000| Complete 
|  12|0x0000000702400000, 0x0000000702600000, 0x0000000702600000|100%| E|CS|TAMS 0x0000000702400000, 0x0000000702400000| Complete 
|  13|0x0000000702600000, 0x0000000702800000, 0x0000000702800000|100%| E|CS|TAMS 0x0000000702600000, 0x0000000702600000| Complete 
|  14|0x0000000702800000, 0x0000000702a00000, 0x0000000702a00000|100%| E|CS|TAMS 0x0000000702800000, 0x0000000702800000| Complete 
|  15|0x0000000702a00000, 0x0000000702c00000, 0x0000000702c00000|100%| E|CS|TAMS 0x0000000702a00000, 0x0000000702a00000| Complete 
|  16|0x0000000702c00000, 0x0000000702e00000, 0x0000000702e00000|100%| E|CS|TAMS 0x0000000702c00000, 0x0000000702c00000| Complete 
|  17|0x0000000702e00000, 0x0000000703000000, 0x0000000703000000|100%| E|CS|TAMS 0x0000000702e00000, 0x0000000702e00000| Complete 
|  18|0x0000000703000000, 0x0000000703200000, 0x0000000703200000|100%| E|CS|TAMS 0x0000000703000000, 0x0000000703000000| Complete 
|  19|0x0000000703200000, 0x0000000703400000, 0x0000000703400000|100%| E|  |TAMS 0x0000000703200000, 0x0000000703200000| Complete 
| 116|0x000000070f400000, 0x000000070f4b7600, 0x000000070f600000| 35%| S|CS|TAMS 0x000000070f400000, 0x000000070f400000| Complete 
| 117|0x000000070f600000, 0x000000070f800000, 0x000000070f800000|100%| S|CS|TAMS 0x000000070f600000, 0x000000070f600000| Complete 
| 118|0x000000070f800000, 0x000000070fa00000, 0x000000070fa00000|100%| S|CS|TAMS 0x000000070f800000, 0x000000070f800000| Complete 
| 127|0x0000000710a00000, 0x0000000710c00000, 0x0000000710c00000|100%| E|CS|TAMS 0x0000000710a00000, 0x0000000710a00000| Complete 

Card table byte_map: [0x0000022c234d0000,0x0000022c23cd0000] _byte_map_base: 0x0000022c1fcca000

Marking Bits (Prev, Next): (CMBitMap*) 0x0000022c0a128fb0, (CMBitMap*) 0x0000022c0a128f70
 Prev Bits: [0x0000022c284a0000, 0x0000022c2c470000)
 Next Bits: [0x0000022c244d0000, 0x0000022c284a0000)

Polling page: 0x0000022c0a1a0000

Metaspace:

Usage:
  Non-class:     21.15 MB used.
      Class:      2.52 MB used.
       Both:     23.66 MB used.

Virtual space:
  Non-class space:       24.00 MB reserved,      21.31 MB ( 89%) committed,  3 nodes.
      Class space:        1.00 GB reserved,       2.62 MB ( <1%) committed,  1 nodes.
              Both:        1.02 GB reserved,      23.94 MB (  2%) committed. 

Chunk freelists:
   Non-Class:  2.41 MB
       Class:  1.38 MB
        Both:  3.78 MB

MaxMetaspaceSize: 17179869184.00 GB
CompressedClassSpaceSize: 1.00 GB
 - commit_granule_bytes: 65536.
 - commit_granule_words: 8192.
 - virtual_space_node_default_size: 1048576.
 - enlarge_chunks_in_place: 1.
 - new_chunks_are_fully_committed: 0.
 - uncommit_free_chunks: 1.
 - use_allocation_guard: 0.
 - handle_deallocations: 1.


Internal statistics:

num_allocs_failed_limit: 3.
num_arena_births: 262.
num_arena_deaths: 0.
num_vsnodes_births: 4.
num_vsnodes_deaths: 0.
num_space_committed: 383.
num_space_uncommitted: 0.
num_chunks_returned_to_freelist: 3.
num_chunks_taken_from_freelist: 889.
num_chunk_merges: 3.
num_chunk_splits: 722.
num_chunks_enlarged: 599.
num_purges: 0.

CodeHeap 'non-profiled nmethods': size=120000Kb used=1488Kb max_used=1488Kb free=118511Kb
 bounds [0x0000022c1ab10000, 0x0000022c1ad80000, 0x0000022c22040000]
CodeHeap 'profiled nmethods': size=120000Kb used=6239Kb max_used=6239Kb free=113760Kb
 bounds [0x0000022c135e0000, 0x0000022c13c00000, 0x0000022c1ab10000]
CodeHeap 'non-nmethods': size=5760Kb used=1742Kb max_used=1775Kb free=4017Kb
 bounds [0x0000022c13040000, 0x0000022c132b0000, 0x0000022c135e0000]
 total_blobs=4611 nmethods=3434 adapters=1089
 compilation: enabled
              stopped_count=0, restarted_count=0
 full_count=0

Compilation events (20 events):
Event: 3.159 Thread 0x0000022c2f1ace20 nmethod 3423 0x0000022c13bf2d10 code [0x0000022c13bf2ec0, 0x0000022c13bf3008]
Event: 3.159 Thread 0x0000022c2f1ace20 3424       3       androidx.compose.runtime.external.kotlinx.collections.immutable.implementations.immutableMap.PersistentHashMapBuilder::build (56 bytes)
Event: 3.160 Thread 0x0000022c2f1ace20 nmethod 3424 0x0000022c13bf3090 code [0x0000022c13bf3300, 0x0000022c13bf3db8]
Event: 3.160 Thread 0x0000022c2f1ace20 3429       3       androidx.compose.ui.platform.JvmActuals_jvmKt::nativeClass (11 bytes)
Event: 3.160 Thread 0x0000022c2f1ace20 nmethod 3429 0x0000022c13bf4190 code [0x0000022c13bf43a0, 0x0000022c13bf4978]
Event: 3.160 Thread 0x0000022c2f1ace20 3433       3       androidx.compose.ui.node.ModifiedLayoutNode::measure-BRTryo0 (96 bytes)
Event: 3.160 Thread 0x0000022c2f1ace20 nmethod 3433 0x0000022c13bf4c10 code [0x0000022c13bf4ea0, 0x0000022c13bf5cc8]
Event: 3.160 Thread 0x0000022c2f1ace20 3430       3       androidx.compose.ui.unit.Constraints::copy-Zbe2FdA$default (62 bytes)
Event: 3.161 Thread 0x0000022c2f1ace20 nmethod 3430 0x0000022c13bf6190 code [0x0000022c13bf6380, 0x0000022c13bf67d8]
Event: 3.161 Thread 0x0000022c2f1ace20 3431       3       androidx.compose.ui.unit.Constraints::copy-Zbe2FdA (266 bytes)
Event: 3.161 Thread 0x0000022c2f197840 nmethod 3406 0x0000022c1ac81890 code [0x0000022c1ac81ac0, 0x0000022c1ac82a60]
Event: 3.161 Thread 0x0000022c2f1ace20 nmethod 3431 0x0000022c13bf6a10 code [0x0000022c13bf6d80, 0x0000022c13bf79c8]
Event: 3.161 Thread 0x0000022c2f197840 3417       4       androidx.compose.runtime.ComposerImpl::updateCompoundKeyWhenWeExitGroup (77 bytes)
Event: 3.161 Thread 0x0000022c2f1ace20 3432       1       androidx.compose.runtime.CompositionImpl::isDisposed (5 bytes)
Event: 3.161 Thread 0x0000022c2f1ace20 nmethod 3432 0x0000022c1ac83510 code [0x0000022c1ac836a0, 0x0000022c1ac83778]
Event: 3.162 Thread 0x0000022c2f1ace20 3434       1       androidx.compose.animation.core.Transition$TransitionAnimationState::getTypeConverter (5 bytes)
Event: 3.162 Thread 0x0000022c2f1ace20 nmethod 3434 0x0000022c1ac83810 code [0x0000022c1ac839a0, 0x0000022c1ac83a78]
Event: 3.162 Thread 0x0000022c2f197840 nmethod 3417 0x0000022c1ac83b10 code [0x0000022c1ac83cc0, 0x0000022c1ac83e78]
Event: 3.162 Thread 0x0000022c2f197840 3428       4       androidx.compose.runtime.SlotWriter::getCapacity (8 bytes)
Event: 3.162 Thread 0x0000022c2f197840 nmethod 3428 0x0000022c1ac84010 code [0x0000022c1ac841a0, 0x0000022c1ac84238]

GC Heap History (6 events):
Event: 0.425 GC heap before
{Heap before GC invocations=0 (full 0):
 garbage-first heap   total 262144K, used 22528K [0x0000000700c00000, 0x0000000800000000)
  region size 2048K, 11 young (22528K), 0 survivors (0K)
 Metaspace       used 6910K, committed 7040K, reserved 1056768K
  class space    used 596K, committed 640K, reserved 1048576K
}
Event: 0.428 GC heap after
{Heap after GC invocations=1 (full 0):
 garbage-first heap   total 262144K, used 3784K [0x0000000700c00000, 0x0000000800000000)
  region size 2048K, 2 young (4096K), 2 survivors (4096K)
 Metaspace       used 6910K, committed 7040K, reserved 1056768K
  class space    used 596K, committed 640K, reserved 1048576K
}
Event: 1.038 GC heap before
{Heap before GC invocations=1 (full 0):
 garbage-first heap   total 262144K, used 36552K [0x0000000700c00000, 0x0000000800000000)
  region size 2048K, 19 young (38912K), 2 survivors (4096K)
 Metaspace       used 18130K, committed 18368K, reserved 1073152K
  class space    used 1937K, committed 2048K, reserved 1048576K
}
Event: 1.042 GC heap after
{Heap after GC invocations=2 (full 0):
 garbage-first heap   total 262144K, used 6456K [0x0000000700c00000, 0x0000000800000000)
  region size 2048K, 2 young (4096K), 2 survivors (4096K)
 Metaspace       used 18130K, committed 18368K, reserved 1073152K
  class space    used 1937K, committed 2048K, reserved 1048576K
}
Event: 1.368 GC heap before
{Heap before GC invocations=2 (full 0):
 garbage-first heap   total 262144K, used 22840K [0x0000000700c00000, 0x0000000800000000)
  region size 2048K, 11 young (22528K), 2 survivors (4096K)
 Metaspace       used 21072K, committed 21248K, reserved 1073152K
  class space    used 2270K, committed 2368K, reserved 1048576K
}
Event: 1.371 GC heap after
{Heap after GC invocations=3 (full 0):
 garbage-first heap   total 262144K, used 9097K [0x0000000700c00000, 0x0000000800000000)
  region size 2048K, 3 young (6144K), 3 survivors (6144K)
 Metaspace       used 21072K, committed 21248K, reserved 1073152K
  class space    used 2270K, committed 2368K, reserved 1048576K
}

Deoptimization events (20 events):
Event: 3.153 Thread 0x0000022c30474ac0 Uncommon trap: trap_request=0xffffff45 fr.pc=0x0000022c1ac50f60 relative=0x00000000000000c0
Event: 3.153 Thread 0x0000022c30474ac0 Uncommon trap: reason=unstable_if action=reinterpret pc=0x0000022c1ac50f60 method=androidx.compose.runtime.internal.ThreadMap.find(J)I @ 12 c2
Event: 3.153 Thread 0x0000022c30474ac0 DEOPT PACKING pc=0x0000022c1ac50f60 sp=0x000000364b5fcff0
Event: 3.153 Thread 0x0000022c30474ac0 DEOPT UNPACKING pc=0x0000022c1308d72e sp=0x000000364b5fce80 mode 2
Event: 3.153 Thread 0x0000022c30474ac0 Uncommon trap: trap_request=0xffffff45 fr.pc=0x0000022c1abf5f9c relative=0x000000000000007c
Event: 3.153 Thread 0x0000022c30474ac0 Uncommon trap: reason=unstable_if action=reinterpret pc=0x0000022c1abf5f9c method=androidx.compose.runtime.internal.ThreadMap.find(J)I @ 12 c2
Event: 3.153 Thread 0x0000022c30474ac0 DEOPT PACKING pc=0x0000022c1abf5f9c sp=0x000000364b5fcf40
Event: 3.153 Thread 0x0000022c30474ac0 DEOPT UNPACKING pc=0x0000022c1308d72e sp=0x000000364b5fce90 mode 2
Event: 3.155 Thread 0x0000022c30474ac0 Uncommon trap: trap_request=0xffffff45 fr.pc=0x0000022c1abcac88 relative=0x00000000000006c8
Event: 3.155 Thread 0x0000022c30474ac0 Uncommon trap: reason=unstable_if action=reinterpret pc=0x0000022c1abcac88 method=androidx.compose.runtime.SlotWriter.moveGroupGapTo(I)V @ 12 c2
Event: 3.155 Thread 0x0000022c30474ac0 DEOPT PACKING pc=0x0000022c1abcac88 sp=0x000000364b5fe170
Event: 3.155 Thread 0x0000022c30474ac0 DEOPT UNPACKING pc=0x0000022c1308d72e sp=0x000000364b5fe068 mode 2
Event: 3.158 Thread 0x0000022c30474ac0 Uncommon trap: trap_request=0xffffffde fr.pc=0x0000022c1abcb834 relative=0x0000000000000114
Event: 3.158 Thread 0x0000022c30474ac0 Uncommon trap: reason=class_check action=maybe_recompile pc=0x0000022c1abcb834 method=androidx.compose.runtime.ComposerImpl.updateCompoundKeyWhenWeExitGroup(ILjava/lang/Object;Ljava/lang/Object;)V @ 70 c2
Event: 3.158 Thread 0x0000022c30474ac0 DEOPT PACKING pc=0x0000022c1abcb834 sp=0x000000364b5fbf40
Event: 3.158 Thread 0x0000022c30474ac0 DEOPT UNPACKING pc=0x0000022c1308d72e sp=0x000000364b5fbec8 mode 2
Event: 3.158 Thread 0x0000022c30474ac0 Uncommon trap: trap_request=0xffffffde fr.pc=0x0000022c1abcb834 relative=0x0000000000000114
Event: 3.158 Thread 0x0000022c30474ac0 Uncommon trap: reason=class_check action=maybe_recompile pc=0x0000022c1abcb834 method=androidx.compose.runtime.ComposerImpl.updateCompoundKeyWhenWeExitGroup(ILjava/lang/Object;Ljava/lang/Object;)V @ 70 c2
Event: 3.158 Thread 0x0000022c30474ac0 DEOPT PACKING pc=0x0000022c1abcb834 sp=0x000000364b5fbf40
Event: 3.158 Thread 0x0000022c30474ac0 DEOPT UNPACKING pc=0x0000022c1308d72e sp=0x000000364b5fbec8 mode 2

Classes unloaded (0 events):
No events

Classes redefined (0 events):
No events

Internal exceptions (19 events):
Event: 0.107 Thread 0x0000022c2fd95f70 Exception <a 'java/lang/NoSuchMethodError'{0x000000071070e608}: 'java.lang.Object java.lang.invoke.DirectMethodHandle$Holder.invokeStatic(java.lang.Object)'> (0x000000071070e608) 
thrown [t:\workspace\open\src\hotspot\share\interpreter\linkResolver.cpp, line 790]
Event: 0.107 Thread 0x0000022c2fd95f70 Exception <a 'java/lang/NoSuchMethodError'{0x0000000710711f18}: 'java.lang.Object java.lang.invoke.DirectMethodHandle$Holder.invokeStaticInit(java.lang.Object)'> (0x0000000710711f18) 
thrown [t:\workspace\open\src\hotspot\share\interpreter\linkResolver.cpp, line 790]
Event: 0.111 Thread 0x0000022c2fd95f70 Exception <a 'java/lang/NoSuchMethodError'{0x000000071071fb60}: 'void java.lang.invoke.DirectMethodHandle$Holder.invokeStatic(java.lang.Object, java.lang.Object)'> (0x000000071071fb60) 
thrown [t:\workspace\open\src\hotspot\share\interpreter\linkResolver.cpp, line 790]
Event: 0.155 Thread 0x0000022c0a0e0340 Exception <a 'java/lang/ClassNotFoundException'{0x0000000710285f08}: sun/awt/resources/spi/awtProvider> (0x0000000710285f08) 
thrown [t:\workspace\open\src\hotspot\share\classfile\systemDictionary.cpp, line 256]
Event: 0.170 Thread 0x0000022c0a0e0340 Exception <a 'java/io/FileNotFoundException'{0x00000007102dcd30}> (0x00000007102dcd30) 
thrown [t:\workspace\open\src\hotspot\share\prims\jni.cpp, line 579]
Event: 0.174 Thread 0x0000022c0a0e0340 Exception <a 'java/io/FileNotFoundException'{0x000000071030ba58}> (0x000000071030ba58) 
thrown [t:\workspace\open\src\hotspot\share\prims\jni.cpp, line 579]
Event: 0.176 Thread 0x0000022c0a0e0340 Exception <a 'java/lang/NoSuchMethodError'{0x0000000710311310}: 'void java.lang.invoke.DirectMethodHandle$Holder.invokeSpecial(java.lang.Object, java.lang.Object, java.lang.Object)'> (0x0000000710311310) 
thrown [t:\workspace\open\src\hotspot\share\interpreter\linkResolver.cpp, line 790]
Event: 0.527 Thread 0x0000022c30474ac0 Exception <a 'java/lang/NoSuchMethodError'{0x000000071048df80}: 'java.lang.Object java.lang.invoke.DirectMethodHandle$Holder.newInvokeSpecial(java.lang.Object, java.lang.Object, java.lang.Object, java.lang.Object, java.lang.Object)'> (0x000000071048df80) 
thrown [t:\workspace\open\src\hotspot\share\interpreter\linkResolver.cpp, line 790]
Event: 0.528 Thread 0x0000022c30474ac0 Exception <a 'java/lang/NoSuchMethodError'{0x0000000710499d10}: 'java.lang.Object java.lang.invoke.DirectMethodHandle$Holder.invokeStatic(java.lang.Object, int, java.lang.Object, java.lang.Object, java.lang.Object, java.lang.Object)'> (0x0000000710499d10) 
thrown [t:\workspace\open\src\hotspot\share\interpreter\linkResolver.cpp, line 790]
Event: 0.531 Thread 0x0000022c30474ac0 Exception <a 'java/lang/NoSuchMethodError'{0x00000007104c0080}: 'java.lang.Object java.lang.invoke.DirectMethodHandle$Holder.invokeStatic(java.lang.Object, int, java.lang.Object)'> (0x00000007104c0080) 
thrown [t:\workspace\open\src\hotspot\share\interpreter\linkResolver.cpp, line 790]
Event: 0.544 Thread 0x0000022c30474ac0 Exception <a 'java/lang/ClassNotFoundException'{0x0000000710578388}: com/sun/swing/internal/plaf/metal/resources/spi/metalProvider> (0x0000000710578388) 
thrown [t:\workspace\open\src\hotspot\share\classfile\systemDictionary.cpp, line 256]
Event: 0.544 Thread 0x0000022c30474ac0 Exception <a 'java/lang/ClassNotFoundException'{0x000000071057c970}: com/sun/swing/internal/plaf/basic/resources/spi/basicProvider> (0x000000071057c970) 
thrown [t:\workspace\open\src\hotspot\share\classfile\systemDictionary.cpp, line 256]
Event: 0.556 Thread 0x0000022c30474ac0 Exception <a 'java/lang/NoSuchMethodError'{0x000000071022c0a8}: 'void java.lang.invoke.DirectMethodHandle$Holder.invokeStatic(java.lang.Object, java.lang.Object, java.lang.Object)'> (0x000000071022c0a8) 
thrown [t:\workspace\open\src\hotspot\share\interpreter\linkResolver.cpp, line 790]
Event: 0.594 Thread 0x0000022c30474ac0 Exception <a 'java/lang/NoSuchMethodError'{0x00000007100e2060}: 'void java.lang.invoke.DirectMethodHandle$Holder.invokeStaticInit(java.lang.Object)'> (0x00000007100e2060) 
thrown [t:\workspace\open\src\hotspot\share\interpreter\linkResolver.cpp, line 790]
Event: 0.863 Thread 0x0000022c30288230 Exception <a 'java/lang/NoSuchMethodError'{0x000000071008f218}: 'void java.lang.invoke.DirectMethodHandle$Holder.invokeVirtual(java.lang.Object, java.lang.Object)'> (0x000000071008f218) 
thrown [t:\workspace\open\src\hotspot\share\interpreter\linkResolver.cpp, line 790]
Event: 1.650 Thread 0x0000022c30474ac0 Exception <a 'java/lang/NoSuchMethodError'{0x0000000702a7ae20}: 'java.lang.Object java.lang.invoke.DirectMethodHandle$Holder.invokeSpecial(java.lang.Object, java.lang.Object, long, java.lang.Object, java.lang.Object, java.lang.Object, java.lang.Object, java.lang.Object, int, int, long)'> (0x0000000702a7ae20) 
thrown [t:\workspace\open\src\hotspot\share\interpreter\linkResolver.cpp, line 790]
Event: 1.650 Thread 0x0000022c30474ac0 Exception <a 'java/lang/NoSuchMethodError'{0x0000000702a7f8d0}: 'java.lang.Object java.lang.invoke.DelegatingMethodHandle$Holder.reinvoke_L(java.lang.Object, long, java.lang.Object, java.lang.Object, java.lang.Object, java.lang.Object, java.lang.Object, int, int, long)'> (0x0000000702a7f8d0) 
thrown [t:\workspace\open\src\hotspot\share\interpreter\linkResolver.cpp, line 790]
Event: 1.655 Thread 0x0000022c30474ac0 Exception <a 'java/lang/NoSuchMethodError'{0x0000000702af5648}: 'java.lang.Object java.lang.invoke.DirectMethodHandle$Holder.invokeSpecial(java.lang.Object, java.lang.Object, long, java.lang.Object, java.lang.Object, java.lang.Object, java.lang.Object, java.lang.Object, java.lang.Object, int, long)'> (0x0000000702af5648) 
thrown [t:\workspace\open\src\hotspot\share\interpreter\linkResolver.cpp, line 790]
Event: 1.655 Thread 0x0000022c30474ac0 Exception <a 'java/lang/NoSuchMethodError'{0x0000000702afa208}: 'java.lang.Object java.lang.invoke.DelegatingMethodHandle$Holder.reinvoke_L(java.lang.Object, long, java.lang.Object, java.lang.Object, java.lang.Object, java.lang.Object, java.lang.Object, java.lang.Object, int, long)'> (0x0000000702afa208) 
thrown [t:\workspace\open\src\hotspot\share\interpreter\linkResolver.cpp, line 790]

Events (20 events):
Event: 1.674 loading class java/text/AttributedString
Event: 1.674 loading class java/text/AttributedString done
Event: 1.675 loading class java/text/AttributedString$AttributedStringIterator
Event: 1.675 loading class java/text/AttributedCharacterIterator
Event: 1.675 loading class java/text/CharacterIterator
Event: 1.675 loading class java/text/CharacterIterator done
Event: 1.675 loading class java/text/AttributedCharacterIterator done
Event: 1.675 loading class java/text/AttributedString$AttributedStringIterator done
Event: 1.692 loading class java/util/concurrent/locks/AbstractQueuedSynchronizer$ConditionNode
Event: 1.692 loading class java/util/concurrent/ForkJoinPool$ManagedBlocker
Event: 1.693 loading class java/util/concurrent/ForkJoinPool$ManagedBlocker done
Event: 1.693 loading class java/util/concurrent/locks/AbstractQueuedSynchronizer$ConditionNode done
Event: 1.781 Executing  VM operation: ICBufferFull
Event: 1.781 Executing  VM operation: ICBufferFull done
Event: 1.981 Thread 0x0000022c2f1ad3b0 Thread exited: 0x0000022c2f1ad3b0
Event: 2.234 Thread 0x0000022c2f1aacc0 Thread exited: 0x0000022c2f1aacc0
Event: 2.783 Executing  VM operation: Cleanup
Event: 2.783 Executing  VM operation: Cleanup done
Event: 3.157 Executing  VM operation: HandshakeAllThreads
Event: 3.158 Executing  VM operation: HandshakeAllThreads done


Dynamic libraries:
0x00007ff7cde30000 - 0x00007ff7cde40000 	C:\Program Files\Java\jdk-16.0.1\bin\java.exe
0x00007ffb36100000 - 0x00007ffb36307000 	C:\WINDOWS\SYSTEM32\ntdll.dll
0x00007ffb34ca0000 - 0x00007ffb34d5d000 	C:\WINDOWS\System32\KERNEL32.DLL
0x00007ffb33c10000 - 0x00007ffb33f84000 	C:\WINDOWS\System32\KERNELBASE.dll
0x00007ffb30b70000 - 0x00007ffb30c01000 	C:\WINDOWS\SYSTEM32\apphelp.dll
0x00007ffb33790000 - 0x00007ffb338a1000 	C:\WINDOWS\System32\ucrtbase.dll
0x00007ffb1e7e0000 - 0x00007ffb1e7f8000 	C:\Program Files\Java\jdk-16.0.1\bin\jli.dll
0x00007ffb34920000 - 0x00007ffb349cc000 	C:\WINDOWS\System32\ADVAPI32.dll
0x00007ffb22cf0000 - 0x00007ffb22d09000 	C:\Program Files\Java\jdk-16.0.1\bin\VCRUNTIME140.dll
0x00007ffb35c80000 - 0x00007ffb35d23000 	C:\WINDOWS\System32\msvcrt.dll
0x00007ffb35df0000 - 0x00007ffb35e8d000 	C:\WINDOWS\System32\sechost.dll
0x00007ffb34740000 - 0x00007ffb34861000 	C:\WINDOWS\System32\RPCRT4.dll
0x00007ffb34e10000 - 0x00007ffb34fbc000 	C:\WINDOWS\System32\USER32.dll
0x00007ffb1dc50000 - 0x00007ffb1def5000 	C:\WINDOWS\WinSxS\amd64_microsoft.windows.common-controls_6595b64144ccf1df_6.0.22000.120_none_9d947278b86cc467\COMCTL32.dll
0x00007ffb33a70000 - 0x00007ffb33a96000 	C:\WINDOWS\System32\win32u.dll
0x00007ffb34d60000 - 0x00007ffb34d89000 	C:\WINDOWS\System32\GDI32.dll
0x00007ffb338b0000 - 0x00007ffb339c2000 	C:\WINDOWS\System32\gdi32full.dll
0x00007ffb339d0000 - 0x00007ffb33a6d000 	C:\WINDOWS\System32\msvcp_win.dll
0x00007ffb2b510000 - 0x00007ffb2b51a000 	C:\WINDOWS\SYSTEM32\VERSION.dll
0x00007ffb35db0000 - 0x00007ffb35de1000 	C:\WINDOWS\System32\IMM32.DLL
0x00007ffb30b10000 - 0x00007ffb30b1c000 	C:\Program Files\Java\jdk-16.0.1\bin\vcruntime140_1.dll
0x00007ffb0e180000 - 0x00007ffb0e211000 	C:\Program Files\Java\jdk-16.0.1\bin\msvcp140.dll
0x00007fface800000 - 0x00007ffacf3ab000 	C:\Program Files\Java\jdk-16.0.1\bin\server\jvm.dll
0x00007ffb356b0000 - 0x00007ffb356b8000 	C:\WINDOWS\System32\PSAPI.DLL
0x00007ffb2fe90000 - 0x00007ffb2fe99000 	C:\WINDOWS\SYSTEM32\WSOCK32.dll
0x00007ffb24a70000 - 0x00007ffb24aa3000 	C:\WINDOWS\SYSTEM32\WINMM.dll
0x00007ffb34d90000 - 0x00007ffb34dff000 	C:\WINDOWS\System32\WS2_32.dll
0x00007ffb326c0000 - 0x00007ffb326d8000 	C:\WINDOWS\SYSTEM32\kernel.appcore.dll
0x00007ffb2a4d0000 - 0x00007ffb2a4da000 	C:\Program Files\Java\jdk-16.0.1\bin\jimage.dll
0x00007ffb222c0000 - 0x00007ffb224e1000 	C:\WINDOWS\SYSTEM32\DBGHELP.DLL
0x00007ffb23d00000 - 0x00007ffb23d31000 	C:\WINDOWS\SYSTEM32\dbgcore.DLL
0x00007ffb33710000 - 0x00007ffb3378f000 	C:\WINDOWS\System32\bcryptPrimitives.dll
0x00007ffb30b00000 - 0x00007ffb30b0e000 	C:\Program Files\Java\jdk-16.0.1\bin\instrument.dll
0x00007ffb1e7b0000 - 0x00007ffb1e7d5000 	C:\Program Files\Java\jdk-16.0.1\bin\java.dll
0x00007ffb33f90000 - 0x00007ffb3473e000 	C:\WINDOWS\System32\SHELL32.dll
0x00007ffb31740000 - 0x00007ffb31fa7000 	C:\WINDOWS\SYSTEM32\windows.storage.dll
0x00007ffb35300000 - 0x00007ffb35678000 	C:\WINDOWS\System32\combase.dll
0x00007ffb315d0000 - 0x00007ffb31736000 	C:\WINDOWS\SYSTEM32\wintypes.dll
0x00007ffb349d0000 - 0x00007ffb34aba000 	C:\WINDOWS\System32\SHCORE.dll
0x00007ffb35150000 - 0x00007ffb351ad000 	C:\WINDOWS\System32\shlwapi.dll
0x00007ffb33510000 - 0x00007ffb33531000 	C:\WINDOWS\SYSTEM32\profapi.dll
0x00007ffb1dac0000 - 0x00007ffb1dad8000 	C:\Program Files\Java\jdk-16.0.1\bin\zip.dll
0x00007ffb1db00000 - 0x00007ffb1db19000 	C:\Program Files\Java\jdk-16.0.1\bin\net.dll
0x00007ffb2e900000 - 0x00007ffb2ea0c000 	C:\WINDOWS\SYSTEM32\WINHTTP.dll
0x00007ffb32b30000 - 0x00007ffb32b97000 	C:\WINDOWS\system32\mswsock.dll
0x00007ffb1dae0000 - 0x00007ffb1daf3000 	C:\Program Files\Java\jdk-16.0.1\bin\nio.dll
0x00007ffb2f010000 - 0x00007ffb2f02a000 	C:\Program Files\JetBrains\IntelliJ IDEA Community Edition 2021.3\bin\breakgen64.dll
0x00007ffb0de30000 - 0x00007ffb0dfb0000 	C:\Program Files\Java\jdk-16.0.1\bin\awt.dll
0x00007ffb351b0000 - 0x00007ffb35286000 	C:\WINDOWS\System32\OLEAUT32.dll
0x00007ffb30d20000 - 0x00007ffb30dcc000 	C:\WINDOWS\system32\uxtheme.dll
0x00007ffb34fc0000 - 0x00007ffb350de000 	C:\WINDOWS\System32\MSCTF.dll
0x00007ffb35f20000 - 0x00007ffb360ba000 	C:\WINDOWS\System32\ole32.dll
0x00007ffb311e0000 - 0x00007ffb3120f000 	C:\WINDOWS\system32\DWMAPI.DLL
0x00007ffb1d5a0000 - 0x00007ffb1d6a1000 	C:\WINDOWS\system32\opengl32.dll
0x00007ffb2fd60000 - 0x00007ffb2fd8d000 	C:\WINDOWS\SYSTEM32\GLU32.dll
0x00007ffb30e20000 - 0x00007ffb30e58000 	C:\WINDOWS\SYSTEM32\dxcore.dll
0x00007ffb28050000 - 0x00007ffb281f6000 	C:\WINDOWS\system32\d3d9.dll
0x00007ffb28200000 - 0x00007ffb28306000 	C:\WINDOWS\System32\DriverStore\FileRepository\nvmdi.inf_amd64_422d4a8d182d8330\nvldumdx.dll
0x00007ffb32ed0000 - 0x00007ffb32ee2000 	C:\WINDOWS\SYSTEM32\msasn1.dll
0x00007ffb2b580000 - 0x00007ffb2b5b1000 	C:\WINDOWS\SYSTEM32\cryptnet.dll
0x00007ffb33aa0000 - 0x00007ffb33c02000 	C:\WINDOWS\System32\CRYPT32.dll
0x00007ffb28d30000 - 0x00007ffb28e79000 	C:\WINDOWS\SYSTEM32\drvstore.dll
0x00007ffb332b0000 - 0x00007ffb332dc000 	C:\WINDOWS\SYSTEM32\devobj.dll
0x00007ffb332e0000 - 0x00007ffb3332c000 	C:\WINDOWS\SYSTEM32\cfgmgr32.dll
0x00007ffb32e30000 - 0x00007ffb32e6d000 	C:\WINDOWS\SYSTEM32\wldp.dll
0x00007ffb32d50000 - 0x00007ffb32d5c000 	C:\WINDOWS\SYSTEM32\cryptbase.dll
0x00007ffb335e0000 - 0x00007ffb33646000 	C:\WINDOWS\System32\WINTRUST.DLL
0x00007ffb34ac0000 - 0x00007ffb34adf000 	C:\WINDOWS\System32\imagehlp.dll
0x00007ffb32e80000 - 0x00007ffb32e98000 	C:\WINDOWS\SYSTEM32\CRYPTSP.dll
0x00007ffb32620000 - 0x00007ffb32655000 	C:\WINDOWS\system32\rsaenh.dll
0x00007ffb32fc0000 - 0x00007ffb32fe7000 	C:\WINDOWS\SYSTEM32\bcrypt.dll
0x00007ffacd060000 - 0x00007fface7f5000 	C:\WINDOWS\System32\DriverStore\FileRepository\nvmdi.inf_amd64_422d4a8d182d8330\nvd3dumx.dll
0x00007ffb2dfa0000 - 0x00007ffb2dfe4000 	C:\WINDOWS\SYSTEM32\directxdatabasehelper.dll
0x00007ffb30e60000 - 0x00007ffb30e94000 	C:\WINDOWS\SYSTEM32\ntmarta.dll
0x00007ffaea240000 - 0x00007ffaea505000 	C:\WINDOWS\system32\nvspcap64.dll
0x00007ffb32bb0000 - 0x00007ffb32bd4000 	C:\WINDOWS\SYSTEM32\gpapi.dll
0x00007ffacc0e0000 - 0x00007ffacd053000 	C:\Users\User\.skiko\712305302a512d1ca3f888eb4293f95f45e0a349c6dcc14d6a81e0fa809c1042\skiko-windows-x64.dll
0x00007ffb208c0000 - 0x00007ffb20949000 	C:\Program Files\Java\jdk-16.0.1\bin\freetype.dll
0x00007ffb1d9c0000 - 0x00007ffb1dab6000 	C:\Program Files\Java\jdk-16.0.1\bin\harfbuzz.dll
0x00007ffb243a0000 - 0x00007ffb243b2000 	C:\Program Files\Java\jdk-16.0.1\bin\fontmanager.dll
0x00007ffb30af0000 - 0x00007ffb30af7000 	C:\Program Files\Java\jdk-16.0.1\bin\jawt.dll
0x00007ffb30ec0000 - 0x00007ffb30fb3000 	C:\WINDOWS\SYSTEM32\Dxgi.dll
0x00007ffb0ede0000 - 0x00007ffb0ee02000 	C:\WINDOWS\SYSTEM32\D3D12.dll
0x00007ffb0dc20000 - 0x00007ffb0de24000 	C:\WINDOWS\SYSTEM32\D3D12Core.dll
0x00007ffaf4ff0000 - 0x00007ffaf791b000 	C:\WINDOWS\System32\DriverStore\FileRepository\nvmdi.inf_amd64_422d4a8d182d8330\nvwgf2umx.dll
0x00007ffb24260000 - 0x00007ffb2428d000 	C:\WINDOWS\SYSTEM32\D3DSCache.dll
0x00007ffb32c00000 - 0x00007ffb32c29000 	C:\WINDOWS\SYSTEM32\USERENV.dll
0x00007ffb2a100000 - 0x00007ffb2a366000 	C:\WINDOWS\SYSTEM32\twinapi.appcore.dll
0x00007ffb14c70000 - 0x00007ffb14ecf000 	C:\WINDOWS\SYSTEM32\dwrite.dll
0x00007ffb12cf0000 - 0x00007ffb12e1d000 	C:\WINDOWS\SYSTEM32\textinputframework.dll
0x00007ffb2d650000 - 0x00007ffb2d869000 	C:\WINDOWS\SYSTEM32\dcomp.dll
0x00007ffb2fea0000 - 0x00007ffb30306000 	C:\WINDOWS\SYSTEM32\d3dcompiler_47.dll
0x00007ffb30730000 - 0x00007ffb30862000 	C:\WINDOWS\SYSTEM32\CoreMessaging.dll
0x00007ffb2d2e0000 - 0x00007ffb2d64d000 	C:\WINDOWS\SYSTEM32\CoreUIComponents.dll

dbghelp: loaded successfully - version: 4.0.5 - missing functions: none
symbol engine: initialized successfully - sym options: 0x614 - pdb path: .;C:\Program Files\Java\jdk-16.0.1\bin;C:\WINDOWS\SYSTEM32;C:\WINDOWS\WinSxS\amd64_microsoft.windows.common-controls_6595b64144ccf1df_6.0.22000.120_none_9d947278b86cc467;C:\Program Files\Java\jdk-16.0.1\bin\server;C:\Program Files\JetBrains\IntelliJ IDEA Community Edition 2021.3\bin;C:\WINDOWS\System32\DriverStore\FileRepository\nvmdi.inf_amd64_422d4a8d182d8330;C:\Users\User\.skiko\712305302a512d1ca3f888eb4293f95f45e0a349c6dcc14d6a81e0fa809c1042

VM Arguments:
jvm_args: -javaagent:C:\Program Files\JetBrains\IntelliJ IDEA Community Edition 2021.3\lib\idea_rt.jar=54340:C:\Program Files\JetBrains\IntelliJ IDEA Community Edition 2021.3\bin -Dfile.encoding=UTF-8 
java_command: MainKt
java_class_path (initial): C:\Users\User\IdeaProjects\Garage\build\classes\kotlin\main;C:\Users\User\IdeaProjects\Garage\build\resources\main;C:\Users\User\.gradle\caches\modules-2\files-2.1\org.jetbrains.kotlin\kotlin-stdlib-jdk8\1.5.31\ff5d99aecd328872494e8921b72bf6e3af97af3e\kotlin-stdlib-jdk8-1.5.31.jar;C:\Users\User\.gradle\caches\modules-2\files-2.1\org.jetbrains.compose.material3\material3-desktop\1.0.0\79ff824c3dd925825bb083f087d1924dc0a35ef9\material3-desktop-1.0.0.jar;C:\Users\User\.gradle\caches\modules-2\files-2.1\org.jetbrains.compose.foundation\foundation-desktop\1.0.0\1f99bff316ab8f90b137cc66866c001b7d066fbf\foundation-desktop-1.0.0.jar;C:\Users\User\.gradle\caches\modules-2\files-2.1\org.jetbrains.compose.material\material-icons-extended-desktop\1.0.0\caa3617c66ed54cded05c5133bd19e1c0c09cfa\material-icons-extended-desktop-1.0.0.jar;C:\Users\User\.gradle\caches\modules-2\files-2.1\io.ktor\ktor-client-cio-jvm\1.6.7\ba29f8702aa4809656d3a2e14f1b11674d394a09\ktor-client-cio-jvm-1.6.7.jar;C:\Users\User\.gradle\caches\modules-2\files-2.1\io.ktor\ktor-client-serialization-jvm\1.6.7\ab64862242a7d0cbcf2b0930d4fb1f1f1d46a683\ktor-client-serialization-jvm-1.6.7.jar;C:\Users\User\.gradle\caches\modules-2\files-2.1\io.ktor\ktor-client-core-jvm\1.6.7\6732da42e91ee8d51abfc1d4113606956f1dd7\ktor-client-core-jvm-1.6.7.jar;C:\Users\User\.gradle\caches\modules-2\files-2.1\org.jetbrains.kotlin\kotlin-stdlib-jdk7\1.6.0\da6bdc87391322974a43ccc00a25536ae74dad51\kotlin-stdlib-jdk7-1.6.0.jar;C:\Users\User\.gradle\caches\modules-2\files-2.1\org.jetbrains.kotlin\kotlin-stdlib\1.6.0\a40b8b22529b733892edf4b73468ce598bb17f04\kotlin-stdlib-1.6.0.jar;C:\Users\User\.gradle\caches\modules-2\files-2.1\org.jetbrains.compose.desktop\desktop-jvm\1.0.0\2a3891470b97a54f568ac80a224379868d3e74a5\desktop-jvm-1.0.0.jar;C:\Users\User\.gradle\caches\modules-2\files-2.1\org.jetbrains.kotlin\kotlin-stdlib-common\1.6.0\7857e365f925cfa060f941c1357cda1f8790502c\kotlin-stdlib-common-1.6.0.jar;C:\User
Launcher Type: SUN_STANDARD

[Global flags]
     intx CICompilerCount                          = 4                                         {product} {ergonomic}
     uint ConcGCThreads                            = 3                                         {product} {ergonomic}
     uint G1ConcRefinementThreads                  = 10                                        {product} {ergonomic}
   size_t G1HeapRegionSize                         = 2097152                                   {product} {ergonomic}
    uintx GCDrainStackTargetSize                   = 64                                        {product} {ergonomic}
   size_t InitialHeapSize                          = 268435456                                 {product} {ergonomic}
   size_t MarkStackSize                            = 4194304                                   {product} {ergonomic}
   size_t MaxHeapSize                              = 4282384384                                {product} {ergonomic}
   size_t MaxNewSize                               = 2569011200                                {product} {ergonomic}
   size_t MinHeapDeltaBytes                        = 2097152                                   {product} {ergonomic}
   size_t MinHeapSize                              = 8388608                                   {product} {ergonomic}
    uintx NonNMethodCodeHeapSize                   = 5839372                                {pd product} {ergonomic}
    uintx NonProfiledCodeHeapSize                  = 122909434                              {pd product} {ergonomic}
    uintx ProfiledCodeHeapSize                     = 122909434                              {pd product} {ergonomic}
    uintx ReservedCodeCacheSize                    = 251658240                              {pd product} {ergonomic}
     bool SegmentedCodeCache                       = true                                      {product} {ergonomic}
   size_t SoftMaxHeapSize                          = 4282384384                             {manageable} {ergonomic}
     bool UseCompressedClassPointers               = true                           {product lp64_product} {ergonomic}
     bool UseCompressedOops                        = true                           {product lp64_product} {ergonomic}
     bool UseG1GC                                  = true                                      {product} {ergonomic}
     bool UseLargePagesIndividualAllocation        = false                                  {pd product} {ergonomic}

Logging:
Log output configuration:
 #0: stdout all=warning uptime,level,tags
 #1: stderr all=off uptime,level,tags

Environment Variables:
PATH=C:\Program Files\Common Files\Oracle\Java\javapath;C:\Windows\system32;C:\Windows;C:\Windows\System32\Wbem;C:\Windows\System32\WindowsPowerShell\v1.0\;C:\Windows\System32\OpenSSH\;C:\ProgramData\chocolatey\bin;C:\Program Files (x86)\NVIDIA Corporation\PhysX\Common;C:\Program Files\NVIDIA Corporation\NVIDIA NvDLISR;C:\Program Files\Git\cmd;C:\Program Files\Docker\Docker\resources\bin;C:\ProgramData\DockerDesktop\version-bin;C:\Program Files\MySQL\MySQL Server 8.0\bin;;C:\WINDOWS\system32;C:\WINDOWS;C:\WINDOWS\System32\Wbem;C:\WINDOWS\System32\WindowsPowerShell\v1.0\;C:\WINDOWS\System32\OpenSSH\;C:\Program Files (x86)\nodejs\;C:\Program Files\PowerShell\7\;C:\Users\User\AppData\Local\Programs\Python\Python310\Scripts\;C:\Users\User\AppData\Local\Programs\Python\Python310\;C:\Program Files\MySQL\MySQL Shell 8.0\bin\;C:\Users\User\AppData\Local\Programs\Python\Python39\Scripts\;C:\Users\User\AppData\Local\Programs\Python\Python39\;C:\Users\User\AppData\Local\Microsoft\WindowsApps;C:\Users\User\AppData\Local\Programs\Microsoft VS Code\bin;C:\Program Files\JetBrains\IntelliJ IDEA Community Edition 2021.3\bin;;C:\Program Files\JetBrains\PyCharm Community Edition 2021.3\bin;;C:\Users\User\AppData\Local\Android\Sdk\platform-tools;C:\Program Files\OpenSSL-Win64\bin;C:\Users\User\AppData\Roaming\npm
USERNAME=User
OS=Windows_NT
PROCESSOR_IDENTIFIER=AMD64 Family 23 Model 113 Stepping 0, AuthenticAMD



---------------  S Y S T E M  ---------------

OS:
 Windows 10 , 64 bit Build 22000 (10.0.22000.318)
OS uptime: 0 days 0:46 hours
Hyper-V role detected

CPU: total 12 (initial active 12) (12 cores per cpu, 2 threads per core) family 23 model 113 stepping 0 microcode 0x0, cx8, cmov, fxsr, ht, mmx, 3dnowpref, sse, sse2, sse3, ssse3, sse4a, sse4.1, sse4.2, popcnt, lzcnt, tsc, tscinvbit, avx, avx2, aes, clmul, bmi1, bmi2, adx, sha, fma, vzeroupper, clflush, clflushopt, hv

Memory: 4k page, system-wide physical 16332M (8207M free)
TotalPageFile size 26572M (AvailPageFile size 10543M)
current process WorkingSet (physical memory assigned to process): 287M, peak: 287M
current process commit charge ("private bytes"): 408M, peak: 528M

vm_info: Java HotSpot(TM) 64-Bit Server VM (16.0.1+9-24) for windows-amd64 JRE (16.0.1+9-24), built on Mar 26 2021 19:31:42 by "mach5one" with MS VC++ 16.7 (VS2019)

END.
